
*** Running vivado
    with args -log home_automation.vds -m64 -product Vivado -mode batch -messageDb vivado.pb -notrace -source home_automation.tcl



****** Vivado v2024.2 (64-bit)
  **** SW Build 5239630 on Fri Nov 08 22:35:27 MST 2024
  **** IP Build 5239520 on Sun Nov 10 16:12:51 MST 2024
  **** SharedData Build 5239561 on Fri Nov 08 14:39:27 MST 2024
  **** Start of session at: Fri Dec  6 03:59:24 2024
    ** Copyright 1986-2022 Xilinx, Inc. All Rights Reserved.
    ** Copyright 2022-2024 Advanced Micro Devices, Inc. All Rights Reserved.

source home_automation.tcl -notrace
Command: read_checkpoint -auto_incremental -incremental C:/Users/arhan/jghf/EE241_Home_Automation_Behavioral/EE241_Home_Automation_Behavioral.srcs/utils_1/imports/synth_1/home_automation.dcp
INFO: [Vivado 12-5825] Read reference checkpoint from C:/Users/arhan/jghf/EE241_Home_Automation_Behavioral/EE241_Home_Automation_Behavioral.srcs/utils_1/imports/synth_1/home_automation.dcp for incremental synthesis
INFO: [Vivado 12-7989] Please ensure there are no constraint changes
Command: synth_design -top home_automation -part xc7a35tcpg236-1
Starting synth_design
Attempting to get a license for feature 'Synthesis' and/or device 'xc7a35t'
INFO: [Common 17-349] Got license for feature 'Synthesis' and/or device 'xc7a35t'
INFO: [Designutils 20-5440] No compile time benefit to using incremental synthesis; A full resynthesis will be run
INFO: [Designutils 20-4379] Flow is switching to default flow due to incremental criteria not met. If you would like to alter this behaviour and have the flow terminate instead, please set the following parameter config_implementation {autoIncr.Synth.RejectBehavior Terminate}
INFO: [Synth 8-7079] Multithreading enabled for synth_design using a maximum of 2 processes.
INFO: [Synth 8-7078] Launching helper process for spawning children vivado processes
INFO: [Synth 8-7075] Helper process launched with PID 3484
---------------------------------------------------------------------------------
Starting Synthesize : Time (s): cpu = 00:00:04 ; elapsed = 00:00:05 . Memory (MB): peak = 850.676 ; gain = 474.375
---------------------------------------------------------------------------------
INFO: [Synth 8-6157] synthesizing module 'home_automation' [C:/Users/arhan/jghf/EE241_Home_Automation_Behavioral/EE241_Home_Automation_Behavioral.srcs/sources_1/new/topmodule.v:1]
INFO: [Synth 8-6157] synthesizing module 'SmartLighting' [C:/Users/arhan/jghf/EE241_Home_Automation_Behavioral/EE241_Home_Automation_Behavioral.srcs/sources_1/new/smart_lighting.v:1]
INFO: [Synth 8-6155] done synthesizing module 'SmartLighting' (0#1) [C:/Users/arhan/jghf/EE241_Home_Automation_Behavioral/EE241_Home_Automation_Behavioral.srcs/sources_1/new/smart_lighting.v:1]
INFO: [Synth 8-6157] synthesizing module 'SmartThermostat' [C:/Users/arhan/jghf/EE241_Home_Automation_Behavioral/EE241_Home_Automation_Behavioral.srcs/sources_1/new/smart_thermostat.v:1]
INFO: [Synth 8-6155] done synthesizing module 'SmartThermostat' (0#1) [C:/Users/arhan/jghf/EE241_Home_Automation_Behavioral/EE241_Home_Automation_Behavioral.srcs/sources_1/new/smart_thermostat.v:1]
INFO: [Synth 8-6157] synthesizing module 'SecuritySystem' [C:/Users/arhan/jghf/EE241_Home_Automation_Behavioral/EE241_Home_Automation_Behavioral.srcs/sources_1/new/security_system.v:1]
INFO: [Synth 8-6155] done synthesizing module 'SecuritySystem' (0#1) [C:/Users/arhan/jghf/EE241_Home_Automation_Behavioral/EE241_Home_Automation_Behavioral.srcs/sources_1/new/security_system.v:1]
INFO: [Synth 8-6157] synthesizing module 'SmartPlug' [C:/Users/arhan/jghf/EE241_Home_Automation_Behavioral/EE241_Home_Automation_Behavioral.srcs/sources_1/new/smart_plug.v:1]
INFO: [Synth 8-6155] done synthesizing module 'SmartPlug' (0#1) [C:/Users/arhan/jghf/EE241_Home_Automation_Behavioral/EE241_Home_Automation_Behavioral.srcs/sources_1/new/smart_plug.v:1]
INFO: [Synth 8-6157] synthesizing module 'WebControl' [C:/Users/arhan/jghf/EE241_Home_Automation_Behavioral/EE241_Home_Automation_Behavioral.srcs/sources_1/new/web_control.v:1]
INFO: [Synth 8-6155] done synthesizing module 'WebControl' (0#1) [C:/Users/arhan/jghf/EE241_Home_Automation_Behavioral/EE241_Home_Automation_Behavioral.srcs/sources_1/new/web_control.v:1]
INFO: [Synth 8-6155] done synthesizing module 'home_automation' (0#1) [C:/Users/arhan/jghf/EE241_Home_Automation_Behavioral/EE241_Home_Automation_Behavioral.srcs/sources_1/new/topmodule.v:1]
---------------------------------------------------------------------------------
Finished Synthesize : Time (s): cpu = 00:00:05 ; elapsed = 00:00:06 . Memory (MB): peak = 954.215 ; gain = 577.914
---------------------------------------------------------------------------------
---------------------------------------------------------------------------------
Finished Constraint Validation : Time (s): cpu = 00:00:05 ; elapsed = 00:00:07 . Memory (MB): peak = 954.215 ; gain = 577.914
---------------------------------------------------------------------------------
---------------------------------------------------------------------------------
Start Loading Part and Timing Information
---------------------------------------------------------------------------------
Loading part: xc7a35tcpg236-1
---------------------------------------------------------------------------------
Finished Loading Part and Timing Information : Time (s): cpu = 00:00:05 ; elapsed = 00:00:07 . Memory (MB): peak = 954.215 ; gain = 577.914
---------------------------------------------------------------------------------
INFO: [Device 21-403] Loading part xc7a35tcpg236-1
---------------------------------------------------------------------------------
Finished RTL Optimization Phase 2 : Time (s): cpu = 00:00:06 ; elapsed = 00:00:07 . Memory (MB): peak = 954.215 ; gain = 577.914
---------------------------------------------------------------------------------
No constraint files found.
---------------------------------------------------------------------------------
Start RTL Component Statistics 
---------------------------------------------------------------------------------
Detailed RTL Component Info : 
+---Adders : 
	   2 Input   32 Bit       Adders := 1     
	   3 Input   10 Bit       Adders := 1     
---------------------------------------------------------------------------------
Finished RTL Component Statistics 
---------------------------------------------------------------------------------
---------------------------------------------------------------------------------
Start Part Resource Summary
---------------------------------------------------------------------------------
Part Resources:
DSPs: 90 (col length:60)
BRAMs: 100 (col length: RAMB18 60 RAMB36 30)
---------------------------------------------------------------------------------
Finished Part Resource Summary
---------------------------------------------------------------------------------
No constraint files found.
---------------------------------------------------------------------------------
Start Cross Boundary and Area Optimization
---------------------------------------------------------------------------------
WARNING: [Synth 8-7080] Parallel synthesis criteria is not met
---------------------------------------------------------------------------------
Finished Cross Boundary and Area Optimization : Time (s): cpu = 00:00:08 ; elapsed = 00:00:10 . Memory (MB): peak = 1139.273 ; gain = 762.973
---------------------------------------------------------------------------------
No constraint files found.
---------------------------------------------------------------------------------
Start Timing Optimization
---------------------------------------------------------------------------------
---------------------------------------------------------------------------------
Finished Timing Optimization : Time (s): cpu = 00:00:08 ; elapsed = 00:00:10 . Memory (MB): peak = 1139.273 ; gain = 762.973
---------------------------------------------------------------------------------
---------------------------------------------------------------------------------
Start Technology Mapping
---------------------------------------------------------------------------------
---------------------------------------------------------------------------------
Finished Technology Mapping : Time (s): cpu = 00:00:08 ; elapsed = 00:00:10 . Memory (MB): peak = 1139.273 ; gain = 762.973
---------------------------------------------------------------------------------
---------------------------------------------------------------------------------
Start IO Insertion
---------------------------------------------------------------------------------
---------------------------------------------------------------------------------
Start Flattening Before IO Insertion
---------------------------------------------------------------------------------
---------------------------------------------------------------------------------
Finished Flattening Before IO Insertion
---------------------------------------------------------------------------------
---------------------------------------------------------------------------------
Start Final Netlist Cleanup
---------------------------------------------------------------------------------
---------------------------------------------------------------------------------
Finished Final Netlist Cleanup
---------------------------------------------------------------------------------
---------------------------------------------------------------------------------
Finished IO Insertion : Time (s): cpu = 00:00:11 ; elapsed = 00:00:14 . Memory (MB): peak = 1337.574 ; gain = 961.273
---------------------------------------------------------------------------------
---------------------------------------------------------------------------------
Start Renaming Generated Instances
---------------------------------------------------------------------------------
---------------------------------------------------------------------------------
Finished Renaming Generated Instances : Time (s): cpu = 00:00:11 ; elapsed = 00:00:14 . Memory (MB): peak = 1337.574 ; gain = 961.273
---------------------------------------------------------------------------------
---------------------------------------------------------------------------------
Start Rebuilding User Hierarchy
---------------------------------------------------------------------------------
---------------------------------------------------------------------------------
Finished Rebuilding User Hierarchy : Time (s): cpu = 00:00:11 ; elapsed = 00:00:14 . Memory (MB): peak = 1337.574 ; gain = 961.273
---------------------------------------------------------------------------------
---------------------------------------------------------------------------------
Start Renaming Generated Ports
---------------------------------------------------------------------------------
---------------------------------------------------------------------------------
Finished Renaming Generated Ports : Time (s): cpu = 00:00:11 ; elapsed = 00:00:14 . Memory (MB): peak = 1337.574 ; gain = 961.273
---------------------------------------------------------------------------------
---------------------------------------------------------------------------------
Start Handling Custom Attributes
---------------------------------------------------------------------------------
---------------------------------------------------------------------------------
Finished Handling Custom Attributes : Time (s): cpu = 00:00:11 ; elapsed = 00:00:14 . Memory (MB): peak = 1337.574 ; gain = 961.273
---------------------------------------------------------------------------------
---------------------------------------------------------------------------------
Start Renaming Generated Nets
---------------------------------------------------------------------------------
---------------------------------------------------------------------------------
Finished Renaming Generated Nets : Time (s): cpu = 00:00:11 ; elapsed = 00:00:14 . Memory (MB): peak = 1337.574 ; gain = 961.273
---------------------------------------------------------------------------------
---------------------------------------------------------------------------------
Start Writing Synthesis Report
---------------------------------------------------------------------------------

Report BlackBoxes: 
+-+--------------+----------+
| |BlackBox name |Instances |
+-+--------------+----------+
+-+--------------+----------+

Report Cell Usage: 
+------+-------+------+
|      |Cell   |Count |
+------+-------+------+
|1     |CARRY4 |     7|
|2     |LUT2   |    12|
|3     |LUT3   |    28|
|4     |LUT4   |     9|
|5     |LUT5   |     7|
|6     |IBUF   |    23|
|7     |OBUF   |     6|
+------+-------+------+

Report Instance Areas: 
+------+-------------------+----------------+------+
|      |Instance           |Module          |Cells |
+------+-------------------+----------------+------+
|1     |top                |                |    92|
|2     |  security_system  |SecuritySystem  |     1|
|3     |  smart_lighting   |SmartLighting   |     1|
|4     |  smart_plug       |SmartPlug       |     1|
|5     |  smart_thermostat |SmartThermostat |    60|
+------+-------------------+----------------+------+
---------------------------------------------------------------------------------
Finished Writing Synthesis Report : Time (s): cpu = 00:00:11 ; elapsed = 00:00:14 . Memory (MB): peak = 1337.574 ; gain = 961.273
---------------------------------------------------------------------------------
Synthesis finished with 0 errors, 0 critical warnings and 1 warnings.
Synthesis Optimization Runtime : Time (s): cpu = 00:00:11 ; elapsed = 00:00:14 . Memory (MB): peak = 1337.574 ; gain = 961.273
Synthesis Optimization Complete : Time (s): cpu = 00:00:11 ; elapsed = 00:00:14 . Memory (MB): peak = 1337.574 ; gain = 961.273
INFO: [Project 1-571] Translating synthesized netlist
Netlist sorting complete. Time (s): cpu = 00:00:00 ; elapsed = 00:00:00 . Memory (MB): peak = 1352.602 ; gain = 0.000
INFO: [Netlist 29-17] Analyzing 7 Unisim elements for replacement
INFO: [Netlist 29-28] Unisim Transformation completed in 0 CPU seconds
INFO: [Project 1-570] Preparing netlist for logic optimization
INFO: [Opt 31-138] Pushed 0 inverter(s) to 0 load pin(s).
Netlist sorting complete. Time (s): cpu = 00:00:00 ; elapsed = 00:00:00 . Memory (MB): peak = 1462.020 ; gain = 0.000
INFO: [Project 1-111] Unisim Transformation Summary:
No Unisim elements were transformed.

Synth Design complete | Checksum: df5ef24b
INFO: [Common 17-83] Releasing license: Synthesis
28 Infos, 1 Warnings, 0 Critical Warnings and 0 Errors encountered.
synth_design completed successfully
synth_design: Time (s): cpu = 00:00:12 ; elapsed = 00:00:16 . Memory (MB): peak = 1462.020 ; gain = 1091.949
Write ShapeDB Complete: Time (s): cpu = 00:00:00 ; elapsed = 00:00:00.001 . Memory (MB): peak = 1462.020 ; gain = 0.000
INFO: [Common 17-1381] The checkpoint 'C:/Users/arhan/jghf/EE241_Home_Automation_Behavioral/EE241_Home_Automation_Behavioral.runs/synth_1/home_automation.dcp' has been generated.
INFO: [Vivado 12-24828] Executing command : report_utilization -file home_automation_utilization_synth.rpt -pb home_automation_utilization_synth.pb
INFO: [Common 17-206] Exiting Vivado at Fri Dec  6 03:59:44 2024...
